<?xml version="1.0" encoding="UTF-8"?>
<testng-results ignored="0" total="1" passed="1" failed="0" skipped="0">
  <reporter-output>
  </reporter-output>
  <suite started-at="2025-10-19T12:01:48 IST" name="Default suite" finished-at="2025-10-19T12:01:52 IST" duration-ms="3692">
    <groups>
    </groups>
    <test started-at="2025-10-19T12:01:48 IST" name="Default test" finished-at="2025-10-19T12:01:52 IST" duration-ms="3692">
      <class name="basics.Cookies">
        <test-method signature="getCookies()[pri:0, instance:basics.Cookies@515aebb0]" started-at="2025-10-19T12:01:49 IST" name="getCookies" finished-at="2025-10-19T12:01:52 IST" duration-ms="3614" status="PASS">
          <reporter-output>
          </reporter-output>
        </test-method> <!-- getCookies -->
      </class> <!-- basics.Cookies -->
    </test> <!-- Default test -->
  </suite> <!-- Default suite -->
</testng-results>
